Laboratorio52/app/build/intermediates/manifest_merge_blame_file/debug/processDebugMainManifest/manifest-merger-blame-debug-report.txt
1<?xml version="1.0" encoding="utf-8"?>
2<manifest xmlns:android="http://schemas.android.com/apk/res/android"
3    package="com.example.laboratorio5"
4    android:versionCode="1"
5    android:versionName="1.0" >
6
7    <uses-sdk
8        android:minSdkVersion="29"
9        android:targetSdkVersion="34" />
10
11    <permission
11-->[androidx.core:core:1.13.1] AndroidManifest.xml:22:5-24:47
12        android:name="com.example.laboratorio5.DYNAMIC_RECEIVER_NOT_EXPORTED_PERMISSION"
12-->[androidx.core:core:1.13.1] AndroidManifest.xml:23:9-81
13        android:protectionLevel="signature" />
13-->[androidx.core:core:1.13.1] AndroidManifest.xml:24:9-44
14
15    <uses-permission android:name="com.example.laboratorio5.DYNAMIC_RECEIVER_NOT_EXPORTED_PERMISSION" />
15-->[androidx.core:core:1.13.1] AndroidManifest.xml:26:5-97
15-->[androidx.core:core:1.13.1] AndroidManifest.xml:26:22-94
16
17    <application
17-->src/main/AndroidManifest.xml:5:5-52:19
18        android:allowBackup="true"
18-->src/main/AndroidManifest.xml:6:9-35
19        android:appComponentFactory="androidx.core.app.CoreComponentFactory"
19-->[androidx.core:core:1.13.1] AndroidManifest.xml:28:18-86
20        android:dataExtractionRules="@xml/data_extraction_rules"
20-->src/main/AndroidManifest.xml:7:9-65
21        android:debuggable="true"
22        android:extractNativeLibs="false"
23        android:fullBackupContent="@xml/backup_rules"
23-->src/main/AndroidManifest.xml:8:9-54
24        android:icon="@mipmap/ic_launcher"
24-->src/main/AndroidManifest.xml:9:9-43
25        android:label="Lab5ViankaCastro"
25-->src/main/AndroidManifest.xml:10:9-41
26        android:roundIcon="@mipmap/ic_launcher_round"
26-->src/main/AndroidManifest.xml:11:9-54
27        android:supportsRtl="true"
27-->src/main/AndroidManifest.xml:12:9-35
28        android:testOnly="true"
29        android:theme="@style/Theme.Laboratorio5" >
29-->src/main/AndroidManifest.xml:13:9-50
30        <activity
30-->src/main/AndroidManifest.xml:15:9-19:57
31            android:name="com.example.laboratorio5.ui.theme.ui.theme.FavoritosActivity"
31-->src/main/AndroidManifest.xml:16:13-64
32            android:exported="false"
32-->src/main/AndroidManifest.xml:17:13-37
33            android:label="@string/title_activity_favoritos"
33-->src/main/AndroidManifest.xml:18:13-61
34            android:theme="@style/Theme.Laboratorio5" />
34-->src/main/AndroidManifest.xml:19:13-54
35        <!-- MainActivity como el punto de entrada de la app -->
36        <activity
36-->src/main/AndroidManifest.xml:21:9-31:20
37            android:name="com.example.laboratorio5.MainActivity"
37-->src/main/AndroidManifest.xml:22:13-41
38            android:exported="true"
38-->src/main/AndroidManifest.xml:23:13-36
39            android:label="@string/title_activity_main"
39-->src/main/AndroidManifest.xml:24:13-56
40            android:theme="@style/Theme.Laboratorio5" >
40-->src/main/AndroidManifest.xml:25:13-54
41            <intent-filter>
41-->src/main/AndroidManifest.xml:26:13-30:29
42                <action android:name="android.intent.action.MAIN" />
42-->src/main/AndroidManifest.xml:27:17-69
42-->src/main/AndroidManifest.xml:27:25-66
43
44                <category android:name="android.intent.category.LAUNCHER" />
44-->src/main/AndroidManifest.xml:29:17-77
44-->src/main/AndroidManifest.xml:29:27-74
45            </intent-filter>
46        </activity> <!-- ConcertDetailActivity -->
47        <activity
47-->src/main/AndroidManifest.xml:32:9-36:57
48            android:name="com.example.laboratorio5.ConcertDetailActivity"
48-->src/main/AndroidManifest.xml:33:13-50
49            android:exported="true"
49-->src/main/AndroidManifest.xml:34:13-36
50            android:label="@string/title_activity_concert_detail"
50-->src/main/AndroidManifest.xml:35:13-66
51            android:theme="@style/Theme.Laboratorio5" /> <!-- Perfil Activity -->
51-->src/main/AndroidManifest.xml:36:13-54
52        <activity
52-->src/main/AndroidManifest.xml:37:9-41:57
53            android:name="com.example.laboratorio5.ui.theme.PerfilActivity"
53-->src/main/AndroidManifest.xml:38:13-52
54            android:exported="true"
54-->src/main/AndroidManifest.xml:39:13-36
55            android:label="@string/title_activity_perfil"
55-->src/main/AndroidManifest.xml:40:13-58
56            android:theme="@style/Theme.Laboratorio5" /> <!-- Listado Activity -->
56-->src/main/AndroidManifest.xml:41:13-54
57        <activity
57-->src/main/AndroidManifest.xml:42:9-46:57
58            android:name="com.example.laboratorio5.ui.theme.ListadoActivity"
58-->src/main/AndroidManifest.xml:43:13-53
59            android:exported="true"
59-->src/main/AndroidManifest.xml:44:13-36
60            android:label="@string/title_activity_listado"
60-->src/main/AndroidManifest.xml:45:13-59
61            android:theme="@style/Theme.Laboratorio5" /> <!-- ConcertList Activity -->
61-->src/main/AndroidManifest.xml:46:13-54
62        <activity
62-->src/main/AndroidManifest.xml:47:9-51:57
63            android:name="com.example.laboratorio5.ConcertList"
63-->src/main/AndroidManifest.xml:48:13-40
64            android:exported="true"
64-->src/main/AndroidManifest.xml:49:13-36
65            android:label="ConcertList"
65-->src/main/AndroidManifest.xml:50:13-40
66            android:theme="@style/Theme.Laboratorio5" />
66-->src/main/AndroidManifest.xml:51:13-54
67        <activity
67-->[androidx.compose.ui:ui-tooling-android:1.7.0] AndroidManifest.xml:23:9-25:39
68            android:name="androidx.compose.ui.tooling.PreviewActivity"
68-->[androidx.compose.ui:ui-tooling-android:1.7.0] AndroidManifest.xml:24:13-71
69            android:exported="true" />
69-->[androidx.compose.ui:ui-tooling-android:1.7.0] AndroidManifest.xml:25:13-36
70
71        <provider
71-->[androidx.emoji2:emoji2:1.3.0] AndroidManifest.xml:24:9-32:20
72            android:name="androidx.startup.InitializationProvider"
72-->[androidx.emoji2:emoji2:1.3.0] AndroidManifest.xml:25:13-67
73            android:authorities="com.example.laboratorio5.androidx-startup"
73-->[androidx.emoji2:emoji2:1.3.0] AndroidManifest.xml:26:13-68
74            android:exported="false" >
74-->[androidx.emoji2:emoji2:1.3.0] AndroidManifest.xml:27:13-37
75            <meta-data
75-->[androidx.emoji2:emoji2:1.3.0] AndroidManifest.xml:29:13-31:52
76                android:name="androidx.emoji2.text.EmojiCompatInitializer"
76-->[androidx.emoji2:emoji2:1.3.0] AndroidManifest.xml:30:17-75
77                android:value="androidx.startup" />
77-->[androidx.emoji2:emoji2:1.3.0] AndroidManifest.xml:31:17-49
78            <meta-data
78-->[androidx.lifecycle:lifecycle-process:2.8.4] AndroidManifest.xml:29:13-31:52
79                android:name="androidx.lifecycle.ProcessLifecycleInitializer"
79-->[androidx.lifecycle:lifecycle-process:2.8.4] AndroidManifest.xml:30:17-78
80                android:value="androidx.startup" />
80-->[androidx.lifecycle:lifecycle-process:2.8.4] AndroidManifest.xml:31:17-49
81            <meta-data
81-->[androidx.profileinstaller:profileinstaller:1.3.1] AndroidManifest.xml:29:13-31:52
82                android:name="androidx.profileinstaller.ProfileInstallerInitializer"
82-->[androidx.profileinstaller:profileinstaller:1.3.1] AndroidManifest.xml:30:17-85
83                android:value="androidx.startup" />
83-->[androidx.profileinstaller:profileinstaller:1.3.1] AndroidManifest.xml:31:17-49
84        </provider>
85
86        <activity
86-->[androidx.compose.ui:ui-test-manifest:1.7.0] AndroidManifest.xml:23:9-25:39
87            android:name="androidx.activity.ComponentActivity"
87-->[androidx.compose.ui:ui-test-manifest:1.7.0] AndroidManifest.xml:24:13-63
88            android:exported="true" />
88-->[androidx.compose.ui:ui-test-manifest:1.7.0] AndroidManifest.xml:25:13-36
89
90        <receiver
90-->[androidx.profileinstaller:profileinstaller:1.3.1] AndroidManifest.xml:34:9-52:20
91            android:name="androidx.profileinstaller.ProfileInstallReceiver"
91-->[androidx.profileinstaller:profileinstaller:1.3.1] AndroidManifest.xml:35:13-76
92            android:directBootAware="false"
92-->[androidx.profileinstaller:profileinstaller:1.3.1] AndroidManifest.xml:36:13-44
93            android:enabled="true"
93-->[androidx.profileinstaller:profileinstaller:1.3.1] AndroidManifest.xml:37:13-35
94            android:exported="true"
94-->[androidx.profileinstaller:profileinstaller:1.3.1] AndroidManifest.xml:38:13-36
95            android:permission="android.permission.DUMP" >
95-->[androidx.profileinstaller:profileinstaller:1.3.1] AndroidManifest.xml:39:13-57
96            <intent-filter>
96-->[androidx.profileinstaller:profileinstaller:1.3.1] AndroidManifest.xml:40:13-42:29
97                <action android:name="androidx.profileinstaller.action.INSTALL_PROFILE" />
97-->[androidx.profileinstaller:profileinstaller:1.3.1] AndroidManifest.xml:41:17-91
97-->[androidx.profileinstaller:profileinstaller:1.3.1] AndroidManifest.xml:41:25-88
98            </intent-filter>
99            <intent-filter>
99-->[androidx.profileinstaller:profileinstaller:1.3.1] AndroidManifest.xml:43:13-45:29
100                <action android:name="androidx.profileinstaller.action.SKIP_FILE" />
100-->[androidx.profileinstaller:profileinstaller:1.3.1] AndroidManifest.xml:44:17-85
100-->[androidx.profileinstaller:profileinstaller:1.3.1] AndroidManifest.xml:44:25-82
101            </intent-filter>
102            <intent-filter>
102-->[androidx.profileinstaller:profileinstaller:1.3.1] AndroidManifest.xml:46:13-48:29
103                <action android:name="androidx.profileinstaller.action.SAVE_PROFILE" />
103-->[androidx.profileinstaller:profileinstaller:1.3.1] AndroidManifest.xml:47:17-88
103-->[androidx.profileinstaller:profileinstaller:1.3.1] AndroidManifest.xml:47:25-85
104            </intent-filter>
105            <intent-filter>
105-->[androidx.profileinstaller:profileinstaller:1.3.1] AndroidManifest.xml:49:13-51:29
106                <action android:name="androidx.profileinstaller.action.BENCHMARK_OPERATION" />
106-->[androidx.profileinstaller:profileinstaller:1.3.1] AndroidManifest.xml:50:17-95
106-->[androidx.profileinstaller:profileinstaller:1.3.1] AndroidManifest.xml:50:25-92
107            </intent-filter>
108        </receiver>
109    </application>
110
111</manifest>